Warning: Permanently added '[c37]:22554,[192.168.0.137]:22554' (RSA) to the list of known hosts.
Warning: Permanently added '[c40]:22554,[192.168.0.140]:22554' (RSA) to the list of known hosts.
Warning: Permanently added '[c36]:22554,[192.168.0.136]:22554' (RSA) to the list of known hosts.
Warning: Permanently added '[c39]:22554,[192.168.0.139]:22554' (RSA) to the list of known hosts.
Warning: Permanently added '[c42]:22554,[192.168.0.142]:22554' (RSA) to the list of known hosts.
Warning: Permanently added '[c41]:22554,[192.168.0.141]:22554' (RSA) to the list of known hosts.
0: 1 요청 시작
0: 2 요청 시작
0: 3 요청 시작
0: 4 요청 시작
0: 5 요청 시작
0: 6 요청 시작
0: 7 요청 시작
0: 1 로 보내기 완료
1: 0으로 부터 받음
0: 2 로 보내기 완료
2: 0으로 부터 받음
0: 3 로 보내기 완료
3: 0으로 부터 받음
0: 4 로 보내기 완료
4: 0으로 부터 받음
7: 0으로 부터 받음
0: 5 로 보내기 완료
0: 6 로 보내기 완료
0: 7 로 보내기 완료
0: 1 로부터 답변 받기 요청 완료
0: 2 로부터 답변 받기 요청 완료
0: 3 로부터 답변 받기 요청 완료
0: 4 로부터 답변 받기 요청 완료
0: 5 로부터 답변 받기 요청 완료
0: 6 로부터 답변 받기 요청 완료
0: 7 로부터 답변 받기 요청 완료
5: 0으로 부터 받음
6: 0으로 부터 받음
1: 계산 및 보내기 모두 완료
0: 1 로부터 답변 받기 완료
4: 계산 및 보내기 모두 완료
5: 계산 및 보내기 모두 완료
0: 2 로부터 답변 받기 완료
2: 계산 및 보내기 모두 완료
0: 3 로부터 답변 받기 완료
0: 4 로부터 답변 받기 완료
0: 5 로부터 답변 받기 완료
3: 계산 및 보내기 모두 완료
7: 계산 및 보내기 모두 완료
0: 6 로부터 답변 받기 완료
0: 7 로부터 답변 받기 완료
57.960000
0: 계산 및 답변받기 모두 완료
n = 10000
Check Time: 0.000000
6: 계산 및 보내기 모두 완료
