Warning: Permanently added '[c25]:22554,[192.168.0.125]:22554' (RSA) to the list of known hosts.
Warning: Permanently added '[c31]:22554,[192.168.0.131]:22554' (RSA) to the list of known hosts.
Warning: Permanently added '[c30]:22554,[192.168.0.130]:22554' (RSA) to the list of known hosts.
Warning: Permanently added '[c24]:22554,[192.168.0.124]:22554' (RSA) to the list of known hosts.
Warning: Permanently added '[c18]:22554,[192.168.0.118]:22554' (RSA) to the list of known hosts.
Warning: Permanently added '[c22]:22554,[192.168.0.122]:22554' (RSA) to the list of known hosts.
Warning: Permanently added '[c15]:22554,[192.168.0.115]:22554' (RSA) to the list of known hosts.
Warning: Permanently added '[c20]:22554,[192.168.0.120]:22554' (RSA) to the list of known hosts.
Warning: Permanently added '[c27]:22554,[192.168.0.127]:22554' (RSA) to the list of known hosts.
Warning: Permanently added '[c21]:22554,[192.168.0.121]:22554' (RSA) to the list of known hosts.
Warning: Permanently added '[c19]:22554,[192.168.0.119]:22554' (RSA) to the list of known hosts.
0: 1 요청 시작
0: 2 요청 시작
0: 3 요청 시작
0: 4 요청 시작
0: 5 요청 시작
0: 6 요청 시작
0: 7 요청 시작
0: 8 요청 시작
0: 9 요청 시작
0: 10 요청 시작
0: 11 요청 시작
0: 12 요청 시작
0: 13 요청 시작
0: 14 요청 시작
0: 15 요청 시작
0: 1 로 보내기 완료
1: 0으로 부터 받음
7: 0으로 부터 받음
8: 0으로 부터 받음
0: 2 로 보내기 완료
2: 0으로 부터 받음
4: 0으로 부터 받음
5: 0으로 부터 받음
0: 3 로 보내기 완료
0: 4 로 보내기 완료
0: 5 로 보내기 완료
6: 0으로 부터 받음
0: 6 로 보내기 완료
0: 7 로 보내기 완료
0: 8 로 보내기 완료
3: 0으로 부터 받음
10: 0으로 부터 받음
14: 0으로 부터 받음
0: 9 로 보내기 완료
0: 10 로 보내기 완료
0: 11 로 보내기 완료
0: 12 로 보내기 완료
0: 13 로 보내기 완료
0: 14 로 보내기 완료
0: 15 로 보내기 완료
0: 1 로부터 답변 받기 요청 완료
0: 2 로부터 답변 받기 요청 완료
0: 3 로부터 답변 받기 요청 완료
0: 4 로부터 답변 받기 요청 완료
0: 5 로부터 답변 받기 요청 완료
0: 6 로부터 답변 받기 요청 완료
0: 7 로부터 답변 받기 요청 완료
0: 8 로부터 답변 받기 요청 완료
0: 9 로부터 답변 받기 요청 완료
0: 10 로부터 답변 받기 요청 완료
0: 11 로부터 답변 받기 요청 완료
0: 12 로부터 답변 받기 요청 완료
0: 13 로부터 답변 받기 요청 완료
0: 14 로부터 답변 받기 요청 완료
0: 15 로부터 답변 받기 요청 완료
12: 0으로 부터 받음
15: 0으로 부터 받음
11: 0으로 부터 받음
9: 0으로 부터 받음
13: 0으로 부터 받음
0: 1 로부터 답변 받기 완료
1: 계산 및 보내기 모두 완료
8: 계산 및 보내기 모두 완료
9: 계산 및 보내기 모두 완료
0: 2 로부터 답변 받기 완료
2: 계산 및 보내기 모두 완료
15: 계산 및 보내기 모두 완료
5: 계산 및 보내기 모두 완료
10: 계산 및 보내기 모두 완료
12: 계산 및 보내기 모두 완료
13: 계산 및 보내기 모두 완료
11: 계산 및 보내기 모두 완료
6: 계산 및 보내기 모두 완료
0: 3 로부터 답변 받기 완료
3: 계산 및 보내기 모두 완료
7: 계산 및 보내기 모두 완료
14: 계산 및 보내기 모두 완료
0: 4 로부터 답변 받기 완료
0: 5 로부터 답변 받기 완료
0: 6 로부터 답변 받기 완료
0: 7 로부터 답변 받기 완료
0: 8 로부터 답변 받기 완료
0: 9 로부터 답변 받기 완료
0: 10 로부터 답변 받기 완료
0: 11 로부터 답변 받기 완료
0: 12 로부터 답변 받기 완료
0: 13 로부터 답변 받기 완료
0: 14 로부터 답변 받기 완료
0: 15 로부터 답변 받기 완료
29.930000
0: 계산 및 답변받기 모두 완료
n = 10000
Check Time: 0.000000
4: 계산 및 보내기 모두 완료
