Warning: Permanently added '[c22]:22554,[192.168.0.122]:22554' (RSA) to the list of known hosts.
Warning: Permanently added '[c23]:22554,[192.168.0.123]:22554' (RSA) to the list of known hosts.
0: 1 요청 시작
0: 2 요청 시작
0: 3 요청 시작
0: 1 로 보내기 완료
1: 0으로 부터 받음
0: 2 로 보내기 완료
2: 0으로 부터 받음
0: 3 로 보내기 완료
0: 1 로부터 답변 받기 요청 완료
0: 2 로부터 답변 받기 요청 완료
0: 3 로부터 답변 받기 요청 완료
3: 0으로 부터 받음
0: 1 로부터 답변 받기 완료
1: 계산 및 보내기 모두 완료
0: 2 로부터 답변 받기 완료
2: 계산 및 보내기 모두 완료
0: 3 로부터 답변 받기 완료
0.110000
0: 계산 및 답변받기 모두 완료
n = 1000
Check Time: 0.000000
3: 계산 및 보내기 모두 완료
